<?xml version="1.0" encoding="UTF-8"?>
<!-- Generated by org.testng.reporters.JUnitXMLReporter -->
<testsuite ignored="0" hostname="SatyaVeeturi" failures="0" tests="4" name="Surefire test" time="28.875" errors="0" timestamp="2024-12-16T01:21:11 GMT">
  <testcase classname="com.carvaluation.AppTest" name="testCarValuation" time="9.829"/>
  <testcase classname="com.carvaluation.AppTest" name="testCarValuation" time="5.011"/>
  <testcase classname="com.carvaluation.AppTest" name="testCarValuation" time="6.635"/>
  <testcase classname="com.carvaluation.AppTest" name="testCarValuation" time="4.599"/>
</testsuite> <!-- Surefire test -->
