<?xml version="1.0" encoding="UTF-8"?>
<testng-results ignored="0" total="4" passed="4" failed="0" skipped="0">
  <reporter-output>
    <line>
      <![CDATA[
=== TEST RESULTS ===

Testing Registration: AD58VNF
PASSED: Details match
Expected: AD58VNF,BMW,1 SERIES DIESEL COUPE - 120d M Sport 2dr,2008
Actual: AD58VNF,BMW,1 SERIES DIESEL COUPE - 120d M Sport 2dr,2008

Testing Registration: BW57BOW
FAILED: Not found

Testing Registration: KT17DLX
PASSED: Details match
Expected: KT17DLX,SKODA,SUPERB DIESEL ESTATE - 2.0 TDI CR 190 Sport Line 5dr DSG,2017
Actual: KT17DLX,SKODA,SUPERB DIESEL ESTATE - 2.0 TDI CR 190 Sport Line 5dr DSG,2017

Testing Registration: SG18HTN
FAILED: Not found

=== FINAL SUMMARY ===
Total Tests: 4
Passed: 2
Failed: 2
]]>
    </line>
  </reporter-output>
  <suite started-at="2024-12-16T01:20:42 GMT" name="Surefire suite" finished-at="2024-12-16T01:21:11 GMT" duration-ms="28875">
    <groups>
    </groups>
    <test started-at="2024-12-16T01:20:42 GMT" name="Surefire test" finished-at="2024-12-16T01:21:11 GMT" duration-ms="28875">
      <class name="com.carvaluation.AppTest">
        <test-method is-config="true" signature="setup()[pri:0, instance:com.carvaluation.AppTest@10683d9d]" started-at="2024-12-16T01:20:42 GMT" name="setup" finished-at="2024-12-16T01:20:44 GMT" duration-ms="2533" status="PASS">
          <reporter-output>
          </reporter-output>
        </test-method> <!-- setup -->
        <test-method signature="testCarValuation(java.lang.String)[pri:0, instance:com.carvaluation.AppTest@10683d9d]" started-at="2024-12-16T01:20:44 GMT" name="testCarValuation" data-provider="registrations" finished-at="2024-12-16T01:20:54 GMT" duration-ms="9829" status="PASS">
          <params>
            <param index="0">
              <value>
                <![CDATA[AD58VNF]]>
              </value>
            </param>
          </params>
          <reporter-output>
          </reporter-output>
        </test-method> <!-- testCarValuation -->
        <test-method signature="testCarValuation(java.lang.String)[pri:0, instance:com.carvaluation.AppTest@10683d9d]" started-at="2024-12-16T01:20:54 GMT" name="testCarValuation" data-provider="registrations" finished-at="2024-12-16T01:20:59 GMT" duration-ms="5011" status="PASS">
          <params>
            <param index="0">
              <value>
                <![CDATA[BW57BOW]]>
              </value>
            </param>
          </params>
          <reporter-output>
          </reporter-output>
        </test-method> <!-- testCarValuation -->
        <test-method signature="testCarValuation(java.lang.String)[pri:0, instance:com.carvaluation.AppTest@10683d9d]" started-at="2024-12-16T01:20:59 GMT" name="testCarValuation" data-provider="registrations" finished-at="2024-12-16T01:21:06 GMT" duration-ms="6635" status="PASS">
          <params>
            <param index="0">
              <value>
                <![CDATA[KT17DLX]]>
              </value>
            </param>
          </params>
          <reporter-output>
          </reporter-output>
        </test-method> <!-- testCarValuation -->
        <test-method signature="testCarValuation(java.lang.String)[pri:0, instance:com.carvaluation.AppTest@10683d9d]" started-at="2024-12-16T01:21:06 GMT" name="testCarValuation" data-provider="registrations" finished-at="2024-12-16T01:21:10 GMT" duration-ms="4599" status="PASS">
          <params>
            <param index="0">
              <value>
                <![CDATA[SG18HTN]]>
              </value>
            </param>
          </params>
          <reporter-output>
          </reporter-output>
        </test-method> <!-- testCarValuation -->
        <test-method is-config="true" signature="tearDown()[pri:0, instance:com.carvaluation.AppTest@10683d9d]" started-at="2024-12-16T01:21:10 GMT" name="tearDown" finished-at="2024-12-16T01:21:11 GMT" duration-ms="246" status="PASS">
          <reporter-output>
            <line>
              <![CDATA[
=== TEST RESULTS ===

Testing Registration: AD58VNF
PASSED: Details match
Expected: AD58VNF,BMW,1 SERIES DIESEL COUPE - 120d M Sport 2dr,2008
Actual: AD58VNF,BMW,1 SERIES DIESEL COUPE - 120d M Sport 2dr,2008

Testing Registration: BW57BOW
FAILED: Not found

Testing Registration: KT17DLX
PASSED: Details match
Expected: KT17DLX,SKODA,SUPERB DIESEL ESTATE - 2.0 TDI CR 190 Sport Line 5dr DSG,2017
Actual: KT17DLX,SKODA,SUPERB DIESEL ESTATE - 2.0 TDI CR 190 Sport Line 5dr DSG,2017

Testing Registration: SG18HTN
FAILED: Not found

=== FINAL SUMMARY ===
Total Tests: 4
Passed: 2
Failed: 2
]]>
            </line>
          </reporter-output>
        </test-method> <!-- tearDown -->
      </class> <!-- com.carvaluation.AppTest -->
    </test> <!-- Surefire test -->
  </suite> <!-- Surefire suite -->
</testng-results>
